0 info it worked if it ends with ok
1 verbose cli [ '/Applications/meanstack-2.6.7-0/nodejs/bin/.node.bin',
1 verbose cli   '/Applications/meanstack-2.6.7-0/nodejs/bin/npm',
1 verbose cli   'install',
1 verbose cli   '-g',
1 verbose cli   'passport-local-mongoose',
1 verbose cli   '--save' ]
2 info using npm@2.1.18
3 info using node@v0.10.35
4 silly cache add args [ 'passport-local-mongoose', null ]
5 verbose cache add spec passport-local-mongoose
6 silly cache add parsed spec { raw: 'passport-local-mongoose',
6 silly cache add   scope: null,
6 silly cache add   name: 'passport-local-mongoose',
6 silly cache add   rawSpec: '',
6 silly cache add   spec: '*',
6 silly cache add   type: 'range' }
7 verbose addNamed passport-local-mongoose@*
8 silly addNamed semver.valid null
9 silly addNamed semver.validRange *
10 silly addNameRange { name: 'passport-local-mongoose', range: '*', hasData: false }
11 silly mapToRegistry name passport-local-mongoose
12 silly mapToRegistry using default registry
13 silly mapToRegistry registry https://registry.npmjs.org/
14 silly mapToRegistry uri https://registry.npmjs.org/passport-local-mongoose
15 verbose addNameRange registry:https://registry.npmjs.org/passport-local-mongoose not in flight; fetching
16 verbose request uri https://registry.npmjs.org/passport-local-mongoose
17 verbose request no auth needed
18 info attempt registry request try #1 at 19:32:19
19 verbose request id 4404e8539cdfeb9d
20 verbose etag "F3R8UF4KJ8OWP69JJRDYYDMAM"
21 http request GET https://registry.npmjs.org/passport-local-mongoose
22 http 304 https://registry.npmjs.org/passport-local-mongoose
23 silly get cb [ 304,
23 silly get   { date: 'Wed, 11 Mar 2015 02:32:19 GMT',
23 silly get     server: 'Apache',
23 silly get     via: '1.1 varnish',
23 silly get     'last-modified': 'Wed, 11 Mar 2015 02:32:19 GMT',
23 silly get     'cache-control': 'max-age=60',
23 silly get     etag: '"F3R8UF4KJ8OWP69JJRDYYDMAM"',
23 silly get     age: '0',
23 silly get     'x-served-by': 'cache-atl6227-ATL',
23 silly get     'x-cache': 'MISS',
23 silly get     'x-cache-hits': '0',
23 silly get     'x-timer': 'S1426041139.495183,VS0,VE155',
23 silly get     vary: 'Accept',
23 silly get     'content-length': '0',
23 silly get     'keep-alive': 'timeout=10, max=50',
23 silly get     connection: 'Keep-Alive' } ]
24 verbose etag https://registry.npmjs.org/passport-local-mongoose from cache
25 silly addNameRange number 2 { name: 'passport-local-mongoose', range: '*', hasData: true }
26 silly addNameRange versions [ 'passport-local-mongoose',
26 silly addNameRange   [ '0.1.0',
26 silly addNameRange     '0.2.0',
26 silly addNameRange     '0.2.1',
26 silly addNameRange     '0.2.2',
26 silly addNameRange     '0.2.3',
26 silly addNameRange     '0.2.4',
26 silly addNameRange     '0.2.5',
26 silly addNameRange     '0.2.6',
26 silly addNameRange     '0.3.0',
26 silly addNameRange     '1.0.0' ] ]
27 verbose addNamed passport-local-mongoose@1.0.0
28 silly addNamed semver.valid 1.0.0
29 silly addNamed semver.validRange 1.0.0
30 silly cache afterAdd passport-local-mongoose@1.0.0
31 verbose afterAdd /Users/ssmitherman/.npm/passport-local-mongoose/1.0.0/package/package.json not in flight; writing
32 verbose afterAdd /Users/ssmitherman/.npm/passport-local-mongoose/1.0.0/package/package.json written
33 silly install resolved [ { name: 'passport-local-mongoose',
33 silly install resolved     description: 'Mongoose plugin that simplifies building username and password login with Passport',
33 silly install resolved     version: '1.0.0',
33 silly install resolved     main: 'lib/passport-local-mongoose.js',
33 silly install resolved     repository:
33 silly install resolved      { type: 'git',
33 silly install resolved        url: 'git://github.com/saintedlama/passport-local-mongoose.git' },
33 silly install resolved     author:
33 silly install resolved      { name: 'Christoph Walcher',
33 silly install resolved        email: 'christoph.walcher@gmail.com' },
33 silly install resolved     license: 'MIT',
33 silly install resolved     keywords: [ 'mongoose', 'passport', 'authentication', 'login' ],
33 silly install resolved     engines: { node: '>= 0.9' },
33 silly install resolved     dependencies: { 'passport-local': '^1.0.0' },
33 silly install resolved     devDependencies:
33 silly install resolved      { chai: '^1.9.1',
33 silly install resolved        gulp: '^3.8.8',
33 silly install resolved        'gulp-clean': '^0.3.1',
33 silly install resolved        'gulp-docco': '0.0.4',
33 silly install resolved        'gulp-exec': '^2.1.0',
33 silly install resolved        'gulp-load-plugins': '^0.6.0',
33 silly install resolved        'gulp-mocha': '^1.1.0',
33 silly install resolved        mocha: '^1.21.4',
33 silly install resolved        mongoose: '^3.8.16' },
33 silly install resolved     scripts:
33 silly install resolved      { test: 'mocha -R spec test/',
33 silly install resolved        cover: 'istanbul cover ./node_modules/mocha/bin/_mocha --report lcovonly -- -R spec' },
33 silly install resolved     bugs: { url: 'https://github.com/saintedlama/passport-local-mongoose/issues' },
33 silly install resolved     homepage: 'https://github.com/saintedlama/passport-local-mongoose',
33 silly install resolved     _id: 'passport-local-mongoose@1.0.0',
33 silly install resolved     _shasum: 'b653ef887b80636b7a862e5c8e6e03354a628b3d',
33 silly install resolved     _resolved: 'https://registry.npmjs.org/passport-local-mongoose/-/passport-local-mongoose-1.0.0.tgz',
33 silly install resolved     _from: 'passport-local-mongoose@*',
33 silly install resolved     _npmVersion: '1.4.28',
33 silly install resolved     _npmUser: { name: 'saintedlama', email: 'christoph.walcher@gmail.com' },
33 silly install resolved     maintainers: [ [Object] ],
33 silly install resolved     dist:
33 silly install resolved      { shasum: 'b653ef887b80636b7a862e5c8e6e03354a628b3d',
33 silly install resolved        tarball: 'http://registry.npmjs.org/passport-local-mongoose/-/passport-local-mongoose-1.0.0.tgz' },
33 silly install resolved     directories: {},
33 silly install resolved     readme: 'ERROR: No README data found!' } ]
34 info install passport-local-mongoose@1.0.0 into /Applications/meanstack-2.6.7-0/nodejs/lib
35 info installOne passport-local-mongoose@1.0.0
36 verbose installOne of passport-local-mongoose to /Applications/meanstack-2.6.7-0/nodejs/lib not in flight; installing
37 warn locking Error: EACCES, open '/Users/ssmitherman/.npm/_locks/passport-local-mongoose-675fec9bec175c0b.lock'
37 warn locking  /Users/ssmitherman/.npm/_locks/passport-local-mongoose-675fec9bec175c0b.lock failed { [Error: EACCES, open '/Users/ssmitherman/.npm/_locks/passport-local-mongoose-675fec9bec175c0b.lock']
37 warn locking   errno: 3,
37 warn locking   code: 'EACCES',
37 warn locking   path: '/Users/ssmitherman/.npm/_locks/passport-local-mongoose-675fec9bec175c0b.lock' }
38 verbose stack Error: Attempt to unlock /Applications/meanstack-2.6.7-0/nodejs/lib/node_modules/passport-local-mongoose, which hasn't been locked
38 verbose stack     at unlock (/Applications/meanstack-2.6.7-0/nodejs/lib/node_modules/npm/lib/utils/locker.js:66:11)
38 verbose stack     at cb (/Applications/meanstack-2.6.7-0/nodejs/lib/node_modules/npm/lib/install.js:929:5)
38 verbose stack     at /Applications/meanstack-2.6.7-0/nodejs/lib/node_modules/npm/lib/install.js:933:20
38 verbose stack     at /Applications/meanstack-2.6.7-0/nodejs/lib/node_modules/npm/lib/utils/locker.js:40:9
38 verbose stack     at cb (/Applications/meanstack-2.6.7-0/nodejs/lib/node_modules/npm/node_modules/lockfile/lockfile.js:149:38)
38 verbose stack     at /Applications/meanstack-2.6.7-0/nodejs/lib/node_modules/npm/node_modules/lockfile/lockfile.js:177:38
38 verbose stack     at Object.oncomplete (fs.js:108:15)
39 verbose cwd /Applications/meanstack-2.6.7-0/optly_watcher
40 error Darwin 14.1.0
41 error argv "/Applications/meanstack-2.6.7-0/nodejs/bin/.node.bin" "/Applications/meanstack-2.6.7-0/nodejs/bin/npm" "install" "-g" "passport-local-mongoose" "--save"
42 error node v0.10.35
43 error npm  v2.1.18
44 error Attempt to unlock /Applications/meanstack-2.6.7-0/nodejs/lib/node_modules/passport-local-mongoose, which hasn't been locked
45 error If you need help, you may report this error at:
45 error     <http://github.com/npm/npm/issues>
46 verbose exit [ 1, true ]
